# JRE version: OpenJDK Runtime Environment Temurin-17.0.2+8 (17.0.2+8) (build 17.0.2+8)
# Java VM: OpenJDK 64-Bit Server VM Temurin-17.0.2+8 (17.0.2+8, mixed mode, tiered, compressed oops, compressed class ptrs, parallel gc, windows-amd64)
GC Precious Log:
 CPUs: 4 total, 4 available
 Memory: 12166M
 Large Page Support: Disabled
 NUMA Support: Disabled
 Compressed Oops: Enabled (32-bit)
 Alignments: Space 512K, Generation 512K, Heap 2M
 Heap Min Capacity: 100M
 Heap Initial Capacity: 100M
 Heap Max Capacity: 1G
 Pre-touch: Disabled
 Parallel Workers: 4
Heap:
 PSYoungGen      total 3584K, used 1440K [0x00000000eab00000, 0x00000000eb000000, 0x0000000100000000)
  eden space 1536K, 0% used [0x00000000eab00000,0x00000000eab00000,0x00000000eac80000)
  from space 2048K, 70% used [0x00000000eac80000,0x00000000eade8000,0x00000000eae80000)
  to   space 1536K, 0% used [0x00000000eae80000,0x00000000eae80000,0x00000000eb000000)
 ParOldGen       total 157696K, used 156092K [0x00000000c0000000, 0x00000000c9a00000, 0x00000000eab00000)
  object space 157696K, 98% used [0x00000000c0000000,0x00000000c986f138,0x00000000c9a00000)
 Metaspace       used 84793K, committed 85760K, reserved 1130496K
  class space    used 8439K, committed 8896K, reserved 1048576K
GC Heap History (20 events):
Event: 3444.447 GC heap after
{Heap after GC invocations=5724 (full 120):
 PSYoungGen      total 2048K, used 224K [0x00000000eab00000, 0x00000000eaf80000, 0x0000000100000000)
  eden space 1536K, 0% used [0x00000000eab00000,0x00000000eab00000,0x00000000eac80000)
  from space 512K, 43% used [0x00000000eaf00000,0x00000000eaf38000,0x00000000eaf80000)
  to   space 1024K, 0% used [0x00000000ead80000,0x00000000ead80000,0x00000000eae80000)
 ParOldGen       total 157696K, used 152025K [0x00000000c0000000, 0x00000000c9a00000, 0x00000000eab00000)
  object space 157696K, 96% used [0x00000000c0000000,0x00000000c9476728,0x00000000c9a00000)
 Metaspace       used 84792K, committed 85760K, reserved 1130496K
  class space    used 8439K, committed 8896K, reserved 1048576K
}
Event: 3446.013 GC heap before
{Heap before GC invocations=5725 (full 120):
 PSYoungGen      total 2048K, used 1760K [0x00000000eab00000, 0x00000000eaf80000, 0x0000000100000000)
  eden space 1536K, 100% used [0x00000000eab00000,0x00000000eac80000,0x00000000eac80000)
  from space 512K, 43% used [0x00000000eaf00000,0x00000000eaf38000,0x00000000eaf80000)
  to   space 1024K, 0% used [0x00000000ead80000,0x00000000ead80000,0x00000000eae80000)
 ParOldGen       total 157696K, used 152025K [0x00000000c0000000, 0x00000000c9a00000, 0x00000000eab00000)
  object space 157696K, 96% used [0x00000000c0000000,0x00000000c9476728,0x00000000c9a00000)
 Metaspace       used 84792K, committed 85760K, reserved 1130496K
  class space    used 8439K, committed 8896K, reserved 1048576K
}
Event: 3446.015 GC heap after
{Heap after GC invocations=5725 (full 120):
 PSYoungGen      total 2560K, used 128K [0x00000000eab00000, 0x00000000eaf80000, 0x0000000100000000)
  eden space 1536K, 0% used [0x00000000eab00000,0x00000000eab00000,0x00000000eac80000)
  from space 1024K, 12% used [0x00000000ead80000,0x00000000eada0000,0x00000000eae80000)
  to   space 512K, 0% used [0x00000000eaf00000,0x00000000eaf00000,0x00000000eaf80000)
 ParOldGen       total 157696K, used 152174K [0x00000000c0000000, 0x00000000c9a00000, 0x00000000eab00000)
  object space 157696K, 96% used [0x00000000c0000000,0x00000000c949bb28,0x00000000c9a00000)
 Metaspace       used 84792K, committed 85760K, reserved 1130496K
  class space    used 8439K, committed 8896K, reserved 1048576K
}
Event: 3446.681 GC heap before
{Heap before GC invocations=5726 (full 120):
 PSYoungGen      total 2560K, used 1664K [0x00000000eab00000, 0x00000000eaf80000, 0x0000000100000000)
  eden space 1536K, 100% used [0x00000000eab00000,0x00000000eac80000,0x00000000eac80000)
  from space 1024K, 12% used [0x00000000ead80000,0x00000000eada0000,0x00000000eae80000)
  to   space 512K, 0% used [0x00000000eaf00000,0x00000000eaf00000,0x00000000eaf80000)
 ParOldGen       total 157696K, used 152174K [0x00000000c0000000, 0x00000000c9a00000, 0x00000000eab00000)
  object space 157696K, 96% used [0x00000000c0000000,0x00000000c949bb28,0x00000000c9a00000)
 Metaspace       used 84793K, committed 85760K, reserved 1130496K
  class space    used 8439K, committed 8896K, reserved 1048576K
}
Event: 3446.683 GC heap after
{Heap after GC invocations=5726 (full 120):
 PSYoungGen      total 2048K, used 160K [0x00000000eab00000, 0x00000000eaf80000, 0x0000000100000000)
  eden space 1536K, 0% used [0x00000000eab00000,0x00000000eab00000,0x00000000eac80000)
  from space 512K, 31% used [0x00000000eaf00000,0x00000000eaf28000,0x00000000eaf80000)
  to   space 512K, 0% used [0x00000000eae80000,0x00000000eae80000,0x00000000eaf00000)
 ParOldGen       total 157696K, used 152190K [0x00000000c0000000, 0x00000000c9a00000, 0x00000000eab00000)
  object space 157696K, 96% used [0x00000000c0000000,0x00000000c949fb28,0x00000000c9a00000)
 Metaspace       used 84793K, committed 85760K, reserved 1130496K
  class space    used 8439K, committed 8896K, reserved 1048576K
}
Event: 3446.754 GC heap before
{Heap before GC invocations=5727 (full 120):
 PSYoungGen      total 2048K, used 1695K [0x00000000eab00000, 0x00000000eaf80000, 0x0000000100000000)
  eden space 1536K, 99% used [0x00000000eab00000,0x00000000eac7fff0,0x00000000eac80000)
  from space 512K, 31% used [0x00000000eaf00000,0x00000000eaf28000,0x00000000eaf80000)
  to   space 512K, 0% used [0x00000000eae80000,0x00000000eae80000,0x00000000eaf00000)
 ParOldGen       total 157696K, used 152190K [0x00000000c0000000, 0x00000000c9a00000, 0x00000000eab00000)
  object space 157696K, 96% used [0x00000000c0000000,0x00000000c949fb28,0x00000000c9a00000)
 Metaspace       used 84793K, committed 85760K, reserved 1130496K
  class space    used 8439K, committed 8896K, reserved 1048576K
}
Event: 3446.756 GC heap after
{Heap after GC invocations=5727 (full 120):
 PSYoungGen      total 2048K, used 496K [0x00000000eab00000, 0x00000000eaf80000, 0x0000000100000000)
  eden space 1536K, 0% used [0x00000000eab00000,0x00000000eab00000,0x00000000eac80000)
  from space 512K, 96% used [0x00000000eae80000,0x00000000eaefc010,0x00000000eaf00000)
  to   space 512K, 0% used [0x00000000eaf00000,0x00000000eaf00000,0x00000000eaf80000)
 ParOldGen       total 157696K, used 152477K [0x00000000c0000000, 0x00000000c9a00000, 0x00000000eab00000)
  object space 157696K, 96% used [0x00000000c0000000,0x00000000c94e7668,0x00000000c9a00000)
 Metaspace       used 84793K, committed 85760K, reserved 1130496K
  class space    used 8439K, committed 8896K, reserved 1048576K
}
Event: 3447.111 GC heap before
{Heap before GC invocations=5728 (full 120):
 PSYoungGen      total 2048K, used 2032K [0x00000000eab00000, 0x00000000eaf80000, 0x0000000100000000)
  eden space 1536K, 100% used [0x00000000eab00000,0x00000000eac80000,0x00000000eac80000)
  from space 512K, 96% used [0x00000000eae80000,0x00000000eaefc010,0x00000000eaf00000)
  to   space 512K, 0% used [0x00000000eaf00000,0x00000000eaf00000,0x00000000eaf80000)
 ParOldGen       total 157696K, used 152477K [0x00000000c0000000, 0x00000000c9a00000, 0x00000000eab00000)
  object space 157696K, 96% used [0x00000000c0000000,0x00000000c94e7668,0x00000000c9a00000)
 Metaspace       used 84793K, committed 85760K, reserved 1130496K
  class space    used 8439K, committed 8896K, reserved 1048576K
}
Event: 3447.114 GC heap after
{Heap after GC invocations=5728 (full 120):
 PSYoungGen      total 2048K, used 496K [0x00000000eab00000, 0x00000000eaf80000, 0x0000000100000000)
  eden space 1536K, 0% used [0x00000000eab00000,0x00000000eab00000,0x00000000eac80000)
  from space 512K, 96% used [0x00000000eaf00000,0x00000000eaf7c010,0x00000000eaf80000)
  to   space 1024K, 0% used [0x00000000ead80000,0x00000000ead80000,0x00000000eae80000)
 ParOldGen       total 157696K, used 152938K [0x00000000c0000000, 0x00000000c9a00000, 0x00000000eab00000)
  object space 157696K, 96% used [0x00000000c0000000,0x00000000c955ab08,0x00000000c9a00000)
 Metaspace       used 84793K, committed 85760K, reserved 1130496K
  class space    used 8439K, committed 8896K, reserved 1048576K
}
Event: 3447.174 GC heap before
{Heap before GC invocations=5729 (full 120):
 PSYoungGen      total 2048K, used 2031K [0x00000000eab00000, 0x00000000eaf80000, 0x0000000100000000)
  eden space 1536K, 99% used [0x00000000eab00000,0x00000000eac7ff98,0x00000000eac80000)
  from space 512K, 96% used [0x00000000eaf00000,0x00000000eaf7c010,0x00000000eaf80000)
  to   space 1024K, 0% used [0x00000000ead80000,0x00000000ead80000,0x00000000eae80000)
 ParOldGen       total 157696K, used 152938K [0x00000000c0000000, 0x00000000c9a00000, 0x00000000eab00000)
  object space 157696K, 96% used [0x00000000c0000000,0x00000000c955ab08,0x00000000c9a00000)
 Metaspace       used 84793K, committed 85760K, reserved 1130496K
  class space    used 8439K, committed 8896K, reserved 1048576K
}
Event: 3447.176 GC heap after
{Heap after GC invocations=5729 (full 120):
 PSYoungGen      total 2560K, used 96K [0x00000000eab00000, 0x00000000eaf80000, 0x0000000100000000)
  eden space 1536K, 0% used [0x00000000eab00000,0x00000000eab00000,0x00000000eac80000)
  from space 1024K, 9% used [0x00000000ead80000,0x00000000ead98000,0x00000000eae80000)
  to   space 512K, 0% used [0x00000000eaf00000,0x00000000eaf00000,0x00000000eaf80000)
 ParOldGen       total 157696K, used 152970K [0x00000000c0000000, 0x00000000c9a00000, 0x00000000eab00000)
  object space 157696K, 97% used [0x00000000c0000000,0x00000000c9562b08,0x00000000c9a00000)
 Metaspace       used 84793K, committed 85760K, reserved 1130496K
  class space    used 8439K, committed 8896K, reserved 1048576K
}
Event: 3447.223 GC heap before
{Heap before GC invocations=5730 (full 120):
 PSYoungGen      total 2560K, used 1632K [0x00000000eab00000, 0x00000000eaf80000, 0x0000000100000000)
  eden space 1536K, 100% used [0x00000000eab00000,0x00000000eac80000,0x00000000eac80000)
  from space 1024K, 9% used [0x00000000ead80000,0x00000000ead98000,0x00000000eae80000)
  to   space 512K, 0% used [0x00000000eaf00000,0x00000000eaf00000,0x00000000eaf80000)
 ParOldGen       total 157696K, used 152970K [0x00000000c0000000, 0x00000000c9a00000, 0x00000000eab00000)
  object space 157696K, 97% used [0x00000000c0000000,0x00000000c9562b08,0x00000000c9a00000)
 Metaspace       used 84793K, committed 85760K, reserved 1130496K
  class space    used 8439K, committed 8896K, reserved 1048576K
}
Event: 3447.226 GC heap after
{Heap after GC invocations=5730 (full 120):
 PSYoungGen      total 2048K, used 512K [0x00000000eab00000, 0x00000000eaf80000, 0x0000000100000000)
  eden space 1536K, 0% used [0x00000000eab00000,0x00000000eab00000,0x00000000eac80000)
  from space 512K, 100% used [0x00000000eaf00000,0x00000000eaf80000,0x00000000eaf80000)
  to   space 1024K, 0% used [0x00000000ead80000,0x00000000ead80000,0x00000000eae80000)
 ParOldGen       total 157696K, used 152994K [0x00000000c0000000, 0x00000000c9a00000, 0x00000000eab00000)
  object space 157696K, 97% used [0x00000000c0000000,0x00000000c9568b08,0x00000000c9a00000)
 Metaspace       used 84793K, committed 85760K, reserved 1130496K
  class space    used 8439K, committed 8896K, reserved 1048576K
}
Event: 3447.233 GC heap before
{Heap before GC invocations=5731 (full 120):
 PSYoungGen      total 2048K, used 2048K [0x00000000eab00000, 0x00000000eaf80000, 0x0000000100000000)
  eden space 1536K, 100% used [0x00000000eab00000,0x00000000eac80000,0x00000000eac80000)
  from space 512K, 100% used [0x00000000eaf00000,0x00000000eaf80000,0x00000000eaf80000)
  to   space 1024K, 0% used [0x00000000ead80000,0x00000000ead80000,0x00000000eae80000)
 ParOldGen       total 157696K, used 152994K [0x00000000c0000000, 0x00000000c9a00000, 0x00000000eab00000)
  object space 157696K, 97% used [0x00000000c0000000,0x00000000c9568b08,0x00000000c9a00000)
 Metaspace       used 84793K, committed 85760K, reserved 1130496K
  class space    used 8439K, committed 8896K, reserved 1048576K
}
Event: 3447.236 GC heap after
{Heap after GC invocations=5731 (full 120):
 PSYoungGen      total 2560K, used 1021K [0x00000000eab00000, 0x00000000eb080000, 0x0000000100000000)
  eden space 1536K, 0% used [0x00000000eab00000,0x00000000eab00000,0x00000000eac80000)
  from space 1024K, 99% used [0x00000000ead80000,0x00000000eae7f750,0x00000000eae80000)
  to   space 2048K, 0% used [0x00000000eae80000,0x00000000eae80000,0x00000000eb080000)
 ParOldGen       total 157696K, used 153566K [0x00000000c0000000, 0x00000000c9a00000, 0x00000000eab00000)
  object space 157696K, 97% used [0x00000000c0000000,0x00000000c95f79e8,0x00000000c9a00000)
 Metaspace       used 84793K, committed 85760K, reserved 1130496K
  class space    used 8439K, committed 8896K, reserved 1048576K
}
Event: 3447.244 GC heap before
{Heap before GC invocations=5732 (full 120):
 PSYoungGen      total 2560K, used 2557K [0x00000000eab00000, 0x00000000eb080000, 0x0000000100000000)
  eden space 1536K, 100% used [0x00000000eab00000,0x00000000eac80000,0x00000000eac80000)
  from space 1024K, 99% used [0x00000000ead80000,0x00000000eae7f750,0x00000000eae80000)
  to   space 2048K, 0% used [0x00000000eae80000,0x00000000eae80000,0x00000000eb080000)
 ParOldGen       total 157696K, used 153566K [0x00000000c0000000, 0x00000000c9a00000, 0x00000000eab00000)
  object space 157696K, 97% used [0x00000000c0000000,0x00000000c95f79e8,0x00000000c9a00000)
 Metaspace       used 84793K, committed 85760K, reserved 1130496K
  class space    used 8439K, committed 8896K, reserved 1048576K
}
Event: 3447.248 GC heap after
{Heap after GC invocations=5732 (full 120):
 PSYoungGen      total 3584K, used 1536K [0x00000000eab00000, 0x00000000eb080000, 0x0000000100000000)
  eden space 1536K, 0% used [0x00000000eab00000,0x00000000eab00000,0x00000000eac80000)
  from space 2048K, 75% used [0x00000000eae80000,0x00000000eb000000,0x00000000eb080000)
  to   space 2048K, 0% used [0x00000000eac80000,0x00000000eac80000,0x00000000eae80000)
 ParOldGen       total 157696K, used 154572K [0x00000000c0000000, 0x00000000c9a00000, 0x00000000eab00000)
  object space 157696K, 98% used [0x00000000c0000000,0x00000000c96f3138,0x00000000c9a00000)
 Metaspace       used 84793K, committed 85760K, reserved 1130496K
  class space    used 8439K, committed 8896K, reserved 1048576K
}
Event: 3447.257 GC heap before
{Heap before GC invocations=5733 (full 120):
 PSYoungGen      total 3584K, used 3072K [0x00000000eab00000, 0x00000000eb080000, 0x0000000100000000)
  eden space 1536K, 100% used [0x00000000eab00000,0x00000000eac80000,0x00000000eac80000)
  from space 2048K, 75% used [0x00000000eae80000,0x00000000eb000000,0x00000000eb080000)
  to   space 2048K, 0% used [0x00000000eac80000,0x00000000eac80000,0x00000000eae80000)
 ParOldGen       total 157696K, used 154572K [0x00000000c0000000, 0x00000000c9a00000, 0x00000000eab00000)
  object space 157696K, 98% used [0x00000000c0000000,0x00000000c96f3138,0x00000000c9a00000)
 Metaspace       used 84793K, committed 85760K, reserved 1130496K
  class space    used 8439K, committed 8896K, reserved 1048576K
}
Event: 3447.261 GC heap after
{Heap after GC invocations=5733 (full 120):
 PSYoungGen      total 3584K, used 1440K [0x00000000eab00000, 0x00000000eb000000, 0x0000000100000000)
  eden space 1536K, 0% used [0x00000000eab00000,0x00000000eab00000,0x00000000eac80000)
  from space 2048K, 70% used [0x00000000eac80000,0x00000000eade8000,0x00000000eae80000)
  to   space 1536K, 0% used [0x00000000eae80000,0x00000000eae80000,0x00000000eb000000)
 ParOldGen       total 157696K, used 156092K [0x00000000c0000000, 0x00000000c9a00000, 0x00000000eab00000)
  object space 157696K, 98% used [0x00000000c0000000,0x00000000c986f138,0x00000000c9a00000)
 Metaspace       used 84793K, committed 85760K, reserved 1130496K
  class space    used 8439K, committed 8896K, reserved 1048576K
}
Event: 3447.261 GC heap before
{Heap before GC invocations=5734 (full 121):
 PSYoungGen      total 3584K, used 1440K [0x00000000eab00000, 0x00000000eb000000, 0x0000000100000000)
  eden space 1536K, 0% used [0x00000000eab00000,0x00000000eab00000,0x00000000eac80000)
  from space 2048K, 70% used [0x00000000eac80000,0x00000000eade8000,0x00000000eae80000)
  to   space 1536K, 0% used [0x00000000eae80000,0x00000000eae80000,0x00000000eb000000)
 ParOldGen       total 157696K, used 156092K [0x00000000c0000000, 0x00000000c9a00000, 0x00000000eab00000)
  object space 157696K, 98% used [0x00000000c0000000,0x00000000c986f138,0x00000000c9a00000)
 Metaspace       used 84793K, committed 85760K, reserved 1130496K
  class space    used 8439K, committed 8896K, reserved 1048576K
}

